<?xml version="1.0" encoding="UTF-8"?>
<testng-results ignored="0" total="1" passed="1" failed="0" skipped="0">
  <reporter-output>
  </reporter-output>
  <suite started-at="2025-03-29T14:10:54 IST" name="Default suite" finished-at="2025-03-29T14:10:54 IST" duration-ms="266">
    <groups>
    </groups>
    <test started-at="2025-03-29T14:10:54 IST" name="Default test" finished-at="2025-03-29T14:10:54 IST" duration-ms="266">
      <class name="Demo.login">
        <test-method signature="login()[pri:0, instance:Demo.login@31304f14]" started-at="2025-03-29T14:10:54 IST" name="login" finished-at="2025-03-29T14:10:54 IST" duration-ms="82" status="PASS">
          <reporter-output>
          </reporter-output>
        </test-method> <!-- login -->
      </class> <!-- Demo.login -->
    </test> <!-- Default test -->
  </suite> <!-- Default suite -->
</testng-results>
